{"/Users/raheema/Desktop/Colors/client/src/Forms/AddUserForm.js": {"path":"/Users/raheema/Desktop/Colors/client/src/Forms/AddUserForm.js","statementMap":{"0":{"start":{"line":13,"column":34},"end":{"line":13,"column":52}},"1":{"start":{"line":14,"column":28},"end":{"line":14,"column":46}},"2":{"start":{"line":15,"column":28},"end":{"line":15,"column":46}},"3":{"start":{"line":16,"column":34},"end":{"line":16,"column":88}},"4":{"start":{"line":17,"column":36},"end":{"line":17,"column":57}},"5":{"start":{"line":18,"column":36},"end":{"line":18,"column":57}},"6":{"start":{"line":19,"column":25},"end":{"line":39,"column":3}},"7":{"start":{"line":22,"column":4},"end":{"line":26,"column":5}},"8":{"start":{"line":23,"column":6},"end":{"line":23,"column":24}},"9":{"start":{"line":24,"column":6},"end":{"line":24,"column":25}},"10":{"start":{"line":25,"column":6},"end":{"line":25,"column":13}},"11":{"start":{"line":27,"column":4},"end":{"line":27,"column":23}},"12":{"start":{"line":28,"column":4},"end":{"line":28,"column":23}},"13":{"start":{"line":29,"column":27},"end":{"line":32,"column":5}},"14":{"start":{"line":33,"column":5},"end":{"line":35,"column":44}},"15":{"start":{"line":34,"column":24},"end":{"line":34,"column":39}},"16":{"start":{"line":35,"column":22},"end":{"line":35,"column":39}},"17":{"start":{"line":41,"column":26},"end":{"line":51,"column":3}},"18":{"start":{"line":42,"column":25},"end":{"line":42,"column":50}},"19":{"start":{"line":44,"column":4},"end":{"line":44,"column":62}},"20":{"start":{"line":46,"column":4},"end":{"line":46,"column":99}},"21":{"start":{"line":47,"column":4},"end":{"line":47,"column":31}},"22":{"start":{"line":48,"column":4},"end":{"line":49,"column":24}},"23":{"start":{"line":49,"column":6},"end":{"line":49,"column":24}},"24":{"start":{"line":53,"column":23},"end":{"line":64,"column":3}},"25":{"start":{"line":54,"column":22},"end":{"line":54,"column":47}},"26":{"start":{"line":56,"column":4},"end":{"line":56,"column":89}},"27":{"start":{"line":58,"column":4},"end":{"line":58,"column":90}},"28":{"start":{"line":59,"column":4},"end":{"line":59,"column":25}},"29":{"start":{"line":60,"column":4},"end":{"line":60,"column":23}},"30":{"start":{"line":61,"column":4},"end":{"line":62,"column":24}},"31":{"start":{"line":62,"column":6},"end":{"line":62,"column":24}},"32":{"start":{"line":66,"column":23},"end":{"line":74,"column":3}},"33":{"start":{"line":67,"column":22},"end":{"line":67,"column":61}},"34":{"start":{"line":69,"column":4},"end":{"line":69,"column":56}},"35":{"start":{"line":70,"column":4},"end":{"line":70,"column":25}},"36":{"start":{"line":71,"column":4},"end":{"line":71,"column":23}},"37":{"start":{"line":72,"column":4},"end":{"line":73,"column":24}},"38":{"start":{"line":73,"column":6},"end":{"line":73,"column":24}},"39":{"start":{"line":76,"column":22},"end":{"line":90,"column":3}},"40":{"start":{"line":77,"column":4},"end":{"line":89,"column":5}},"41":{"start":{"line":78,"column":6},"end":{"line":80,"column":14}},"42":{"start":{"line":82,"column":9},"end":{"line":89,"column":5}},"43":{"start":{"line":83,"column":6},"end":{"line":85,"column":14}},"44":{"start":{"line":88,"column":6},"end":{"line":88,"column":59}},"45":{"start":{"line":91,"column":2},"end":{"line":136,"column":3}}},"fnMap":{"0":{"name":"AddUserForm","decl":{"start":{"line":11,"column":24},"end":{"line":11,"column":35}},"loc":{"start":{"line":11,"column":38},"end":{"line":137,"column":1}},"line":11},"1":{"name":"(anonymous_1)","decl":{"start":{"line":19,"column":25},"end":{"line":19,"column":26}},"loc":{"start":{"line":19,"column":31},"end":{"line":39,"column":3}},"line":19},"2":{"name":"(anonymous_2)","decl":{"start":{"line":34,"column":12},"end":{"line":34,"column":13}},"loc":{"start":{"line":34,"column":24},"end":{"line":34,"column":39}},"line":34},"3":{"name":"(anonymous_3)","decl":{"start":{"line":35,"column":12},"end":{"line":35,"column":13}},"loc":{"start":{"line":35,"column":20},"end":{"line":35,"column":42}},"line":35},"4":{"name":"(anonymous_4)","decl":{"start":{"line":41,"column":26},"end":{"line":41,"column":27}},"loc":{"start":{"line":41,"column":37},"end":{"line":51,"column":3}},"line":41},"5":{"name":"(anonymous_5)","decl":{"start":{"line":53,"column":23},"end":{"line":53,"column":24}},"loc":{"start":{"line":53,"column":34},"end":{"line":64,"column":3}},"line":53},"6":{"name":"(anonymous_6)","decl":{"start":{"line":66,"column":23},"end":{"line":66,"column":24}},"loc":{"start":{"line":66,"column":34},"end":{"line":74,"column":3}},"line":66},"7":{"name":"(anonymous_7)","decl":{"start":{"line":76,"column":22},"end":{"line":76,"column":23}},"loc":{"start":{"line":76,"column":28},"end":{"line":90,"column":3}},"line":76}},"branchMap":{"0":{"loc":{"start":{"line":22,"column":4},"end":{"line":26,"column":5}},"type":"if","locations":[{"start":{"line":22,"column":4},"end":{"line":26,"column":5}},{"start":{},"end":{}}],"line":22},"1":{"loc":{"start":{"line":22,"column":8},"end":{"line":22,"column":55}},"type":"binary-expr","locations":[{"start":{"line":22,"column":8},"end":{"line":22,"column":20}},{"start":{"line":22,"column":24},"end":{"line":22,"column":36}},{"start":{"line":22,"column":40},"end":{"line":22,"column":55}}],"line":22},"2":{"loc":{"start":{"line":48,"column":4},"end":{"line":49,"column":24}},"type":"if","locations":[{"start":{"line":48,"column":4},"end":{"line":49,"column":24}},{"start":{},"end":{}}],"line":48},"3":{"loc":{"start":{"line":61,"column":4},"end":{"line":62,"column":24}},"type":"if","locations":[{"start":{"line":61,"column":4},"end":{"line":62,"column":24}},{"start":{},"end":{}}],"line":61},"4":{"loc":{"start":{"line":72,"column":4},"end":{"line":73,"column":24}},"type":"if","locations":[{"start":{"line":72,"column":4},"end":{"line":73,"column":24}},{"start":{},"end":{}}],"line":72},"5":{"loc":{"start":{"line":77,"column":4},"end":{"line":89,"column":5}},"type":"if","locations":[{"start":{"line":77,"column":4},"end":{"line":89,"column":5}},{"start":{"line":82,"column":9},"end":{"line":89,"column":5}}],"line":77},"6":{"loc":{"start":{"line":82,"column":9},"end":{"line":89,"column":5}},"type":"if","locations":[{"start":{"line":82,"column":9},"end":{"line":89,"column":5}},{"start":{"line":87,"column":11},"end":{"line":89,"column":5}}],"line":82},"7":{"loc":{"start":{"line":102,"column":65},"end":{"line":102,"column":117}},"type":"cond-expr","locations":[{"start":{"line":102,"column":98},"end":{"line":102,"column":105}},{"start":{"line":102,"column":108},"end":{"line":102,"column":117}}],"line":102},"8":{"loc":{"start":{"line":102,"column":66},"end":{"line":102,"column":94}},"type":"binary-expr","locations":[{"start":{"line":102,"column":66},"end":{"line":102,"column":75}},{"start":{"line":102,"column":79},"end":{"line":102,"column":94}}],"line":102},"9":{"loc":{"start":{"line":103,"column":61},"end":{"line":103,"column":110}},"type":"cond-expr","locations":[{"start":{"line":103,"column":91},"end":{"line":103,"column":98}},{"start":{"line":103,"column":101},"end":{"line":103,"column":110}}],"line":103},"10":{"loc":{"start":{"line":103,"column":62},"end":{"line":103,"column":87}},"type":"binary-expr","locations":[{"start":{"line":103,"column":62},"end":{"line":103,"column":71}},{"start":{"line":103,"column":75},"end":{"line":103,"column":87}}],"line":103},"11":{"loc":{"start":{"line":104,"column":61},"end":{"line":104,"column":110}},"type":"cond-expr","locations":[{"start":{"line":104,"column":91},"end":{"line":104,"column":98}},{"start":{"line":104,"column":101},"end":{"line":104,"column":110}}],"line":104},"12":{"loc":{"start":{"line":104,"column":62},"end":{"line":104,"column":87}},"type":"binary-expr","locations":[{"start":{"line":104,"column":62},"end":{"line":104,"column":71}},{"start":{"line":104,"column":75},"end":{"line":104,"column":87}}],"line":104},"13":{"loc":{"start":{"line":113,"column":7},"end":{"line":133,"column":13}},"type":"binary-expr","locations":[{"start":{"line":113,"column":8},"end":{"line":113,"column":17}},{"start":{"line":113,"column":21},"end":{"line":113,"column":31}},{"start":{"line":113,"column":36},"end":{"line":133,"column":13}}],"line":113}},"s":{"0":38,"1":38,"2":38,"3":38,"4":38,"5":38,"6":38,"7":3,"8":2,"9":2,"10":2,"11":1,"12":1,"13":1,"14":1,"15":1,"16":1,"17":38,"18":19,"19":19,"20":19,"21":19,"22":19,"23":2,"24":38,"25":6,"26":6,"27":6,"28":6,"29":6,"30":6,"31":1,"32":38,"33":6,"34":6,"35":6,"36":6,"37":6,"38":2,"39":38,"40":38,"41":32,"42":6,"43":2,"44":4,"45":38},"f":{"0":38,"1":3,"2":1,"3":1,"4":19,"5":6,"6":6,"7":38},"b":{"0":[2,1],"1":[3,1,1],"2":[2,17],"3":[1,5],"4":[2,4],"5":[32,6],"6":[2,4],"7":[1,37],"8":[38,32],"9":[26,12],"10":[38,32],"11":[20,18],"12":[38,32],"13":[38,2,2]},"_coverageSchema":"1a1c01bbd47fc00a2c39e90264f33305004495a9","hash":"925529c41a701221180676bf1af07f6ac3b1b501"}
,"/Users/raheema/Desktop/Colors/client/src/Forms/SearchByColorForm.js": {"path":"/Users/raheema/Desktop/Colors/client/src/Forms/SearchByColorForm.js","statementMap":{"0":{"start":{"line":12,"column":28},"end":{"line":12,"column":46}},"1":{"start":{"line":13,"column":30},"end":{"line":13,"column":48}},"2":{"start":{"line":14,"column":36},"end":{"line":14,"column":57}},"3":{"start":{"line":16,"column":23},"end":{"line":18,"column":3}},"4":{"start":{"line":17,"column":4},"end":{"line":17,"column":33}},"5":{"start":{"line":20,"column":2},"end":{"line":24,"column":9}},"6":{"start":{"line":21,"column":4},"end":{"line":23,"column":69}},"7":{"start":{"line":22,"column":21},"end":{"line":22,"column":31}},"8":{"start":{"line":23,"column":24},"end":{"line":23,"column":42}},"9":{"start":{"line":23,"column":43},"end":{"line":23,"column":65}},"10":{"start":{"line":29,"column":2},"end":{"line":56,"column":4}},"11":{"start":{"line":47,"column":41},"end":{"line":47,"column":124}}},"fnMap":{"0":{"name":"SearchByColorForm","decl":{"start":{"line":11,"column":24},"end":{"line":11,"column":41}},"loc":{"start":{"line":11,"column":44},"end":{"line":57,"column":1}},"line":11},"1":{"name":"(anonymous_1)","decl":{"start":{"line":16,"column":23},"end":{"line":16,"column":24}},"loc":{"start":{"line":16,"column":34},"end":{"line":18,"column":3}},"line":16},"2":{"name":"(anonymous_2)","decl":{"start":{"line":20,"column":18},"end":{"line":20,"column":19}},"loc":{"start":{"line":20,"column":24},"end":{"line":24,"column":3}},"line":20},"3":{"name":"(anonymous_3)","decl":{"start":{"line":22,"column":12},"end":{"line":22,"column":13}},"loc":{"start":{"line":22,"column":21},"end":{"line":22,"column":31}},"line":22},"4":{"name":"(anonymous_4)","decl":{"start":{"line":23,"column":12},"end":{"line":23,"column":13}},"loc":{"start":{"line":23,"column":22},"end":{"line":23,"column":67}},"line":23},"5":{"name":"(anonymous_5)","decl":{"start":{"line":47,"column":32},"end":{"line":47,"column":33}},"loc":{"start":{"line":47,"column":41},"end":{"line":47,"column":124}},"line":47}},"branchMap":{"0":{"loc":{"start":{"line":47,"column":11},"end":{"line":47,"column":125}},"type":"binary-expr","locations":[{"start":{"line":47,"column":11},"end":{"line":47,"column":17}},{"start":{"line":47,"column":21},"end":{"line":47,"column":125}}],"line":47},"1":{"loc":{"start":{"line":52,"column":9},"end":{"line":52,"column":62}},"type":"binary-expr","locations":[{"start":{"line":52,"column":10},"end":{"line":52,"column":21}},{"start":{"line":52,"column":26},"end":{"line":52,"column":62}}],"line":52},"2":{"loc":{"start":{"line":53,"column":9},"end":{"line":53,"column":64}},"type":"binary-expr","locations":[{"start":{"line":53,"column":10},"end":{"line":53,"column":22}},{"start":{"line":53,"column":27},"end":{"line":53,"column":64}}],"line":53}},"s":{"0":2,"1":1,"2":1,"3":1,"4":0,"5":1,"6":1,"7":1,"8":1,"9":1,"10":1,"11":0},"f":{"0":2,"1":0,"2":1,"3":1,"4":1,"5":0},"b":{"0":[1,1],"1":[1,0],"2":[1,1]},"_coverageSchema":"1a1c01bbd47fc00a2c39e90264f33305004495a9","hash":"3549cc6ac5a822ba289ecadd4a00a6f7ca682022"}
,"/Users/raheema/Desktop/Colors/client/src/Layout/Header.js": {"path":"/Users/raheema/Desktop/Colors/client/src/Layout/Header.js","statementMap":{"0":{"start":{"line":9,"column":25},"end":{"line":82,"column":1}},"1":{"start":{"line":12,"column":4},"end":{"line":81,"column":6}}},"fnMap":{"0":{"name":"(anonymous_0)","decl":{"start":{"line":9,"column":25},"end":{"line":9,"column":26}},"loc":{"start":{"line":9,"column":31},"end":{"line":82,"column":1}},"line":9}},"branchMap":{},"s":{"0":1,"1":1},"f":{"0":1},"b":{},"_coverageSchema":"1a1c01bbd47fc00a2c39e90264f33305004495a9","hash":"c2c59950a0f0f7a302bd4e7d6979bf2b48adadd8"}
,"/Users/raheema/Desktop/Colors/client/src/ResultsTable/AllUsersResults.js": {"path":"/Users/raheema/Desktop/Colors/client/src/ResultsTable/AllUsersResults.js","statementMap":{"0":{"start":{"line":13,"column":26},"end":{"line":13,"column":44}},"1":{"start":{"line":14,"column":2},"end":{"line":18,"column":9}},"2":{"start":{"line":15,"column":4},"end":{"line":17,"column":49}},"3":{"start":{"line":16,"column":21},"end":{"line":16,"column":31}},"4":{"start":{"line":17,"column":24},"end":{"line":17,"column":45}},"5":{"start":{"line":20,"column":2},"end":{"line":60,"column":4}},"6":{"start":{"line":34,"column":42},"end":{"line":52,"column":21}},"7":{"start":{"line":43,"column":18},"end":{"line":48,"column":28}},"8":{"start":{"line":46,"column":54},"end":{"line":47,"column":166}},"9":{"start":{"line":46,"column":160},"end":{"line":47,"column":152}}},"fnMap":{"0":{"name":"AllUsersResults","decl":{"start":{"line":11,"column":24},"end":{"line":11,"column":39}},"loc":{"start":{"line":11,"column":47},"end":{"line":61,"column":1}},"line":11},"1":{"name":"(anonymous_1)","decl":{"start":{"line":14,"column":18},"end":{"line":14,"column":19}},"loc":{"start":{"line":14,"column":24},"end":{"line":18,"column":3}},"line":14},"2":{"name":"(anonymous_2)","decl":{"start":{"line":16,"column":12},"end":{"line":16,"column":13}},"loc":{"start":{"line":16,"column":21},"end":{"line":16,"column":31}},"line":16},"3":{"name":"(anonymous_3)","decl":{"start":{"line":17,"column":12},"end":{"line":17,"column":13}},"loc":{"start":{"line":17,"column":22},"end":{"line":17,"column":47}},"line":17},"4":{"name":"(anonymous_4)","decl":{"start":{"line":34,"column":33},"end":{"line":34,"column":34}},"loc":{"start":{"line":34,"column":42},"end":{"line":52,"column":21}},"line":34},"5":{"name":"(anonymous_5)","decl":{"start":{"line":42,"column":33},"end":{"line":42,"column":34}},"loc":{"start":{"line":42,"column":42},"end":{"line":49,"column":17}},"line":42},"6":{"name":"(anonymous_6)","decl":{"start":{"line":46,"column":46},"end":{"line":46,"column":47}},"loc":{"start":{"line":46,"column":53},"end":{"line":47,"column":167}},"line":46},"7":{"name":"(anonymous_7)","decl":{"start":{"line":46,"column":154},"end":{"line":46,"column":155}},"loc":{"start":{"line":46,"column":160},"end":{"line":47,"column":152}},"line":46}},"branchMap":{},"s":{"0":2,"1":1,"2":1,"3":1,"4":1,"5":1,"6":0,"7":0,"8":0,"9":0},"f":{"0":2,"1":1,"2":1,"3":1,"4":0,"5":0,"6":0,"7":0},"b":{},"_coverageSchema":"1a1c01bbd47fc00a2c39e90264f33305004495a9","hash":"6ee12eca94968b5e5feaa5fc368417efa1b50623"}
,"/Users/raheema/Desktop/Colors/client/src/ResultsTable/ByColorResults.js": {"path":"/Users/raheema/Desktop/Colors/client/src/ResultsTable/ByColorResults.js","statementMap":{"0":{"start":{"line":13,"column":26},"end":{"line":13,"column":44}},"1":{"start":{"line":14,"column":2},"end":{"line":18,"column":24}},"2":{"start":{"line":15,"column":4},"end":{"line":17,"column":46}},"3":{"start":{"line":16,"column":21},"end":{"line":16,"column":31}},"4":{"start":{"line":17,"column":23},"end":{"line":17,"column":42}},"5":{"start":{"line":20,"column":2},"end":{"line":57,"column":4}},"6":{"start":{"line":33,"column":42},"end":{"line":49,"column":21}},"7":{"start":{"line":42,"column":18},"end":{"line":45,"column":29}}},"fnMap":{"0":{"name":"ByColorResults","decl":{"start":{"line":11,"column":24},"end":{"line":11,"column":38}},"loc":{"start":{"line":11,"column":46},"end":{"line":58,"column":1}},"line":11},"1":{"name":"(anonymous_1)","decl":{"start":{"line":14,"column":18},"end":{"line":14,"column":19}},"loc":{"start":{"line":14,"column":24},"end":{"line":18,"column":3}},"line":14},"2":{"name":"(anonymous_2)","decl":{"start":{"line":16,"column":12},"end":{"line":16,"column":13}},"loc":{"start":{"line":16,"column":21},"end":{"line":16,"column":31}},"line":16},"3":{"name":"(anonymous_3)","decl":{"start":{"line":17,"column":12},"end":{"line":17,"column":13}},"loc":{"start":{"line":17,"column":21},"end":{"line":17,"column":44}},"line":17},"4":{"name":"(anonymous_4)","decl":{"start":{"line":33,"column":33},"end":{"line":33,"column":34}},"loc":{"start":{"line":33,"column":42},"end":{"line":49,"column":21}},"line":33},"5":{"name":"(anonymous_5)","decl":{"start":{"line":41,"column":33},"end":{"line":41,"column":34}},"loc":{"start":{"line":41,"column":43},"end":{"line":46,"column":17}},"line":41}},"branchMap":{},"s":{"0":0,"1":0,"2":0,"3":0,"4":0,"5":0,"6":0,"7":0},"f":{"0":0,"1":0,"2":0,"3":0,"4":0,"5":0},"b":{},"_coverageSchema":"1a1c01bbd47fc00a2c39e90264f33305004495a9","hash":"1f7ddb9ee77155989fc7201cce21f1e5b82fe67b"}
}
