TN:
SF:src/Forms/AddUserForm.js
FN:11,AddUserForm
FN:19,(anonymous_1)
FN:34,(anonymous_2)
FN:35,(anonymous_3)
FN:41,(anonymous_4)
FN:53,(anonymous_5)
FN:66,(anonymous_6)
FN:76,(anonymous_7)
FNF:8
FNH:8
FNDA:38,AddUserForm
FNDA:3,(anonymous_1)
FNDA:1,(anonymous_2)
FNDA:1,(anonymous_3)
FNDA:19,(anonymous_4)
FNDA:6,(anonymous_5)
FNDA:6,(anonymous_6)
FNDA:38,(anonymous_7)
DA:13,38
DA:14,38
DA:15,38
DA:16,38
DA:17,38
DA:18,38
DA:19,38
DA:22,3
DA:23,2
DA:24,2
DA:25,2
DA:27,1
DA:28,1
DA:29,1
DA:33,1
DA:34,1
DA:35,1
DA:41,38
DA:42,19
DA:44,19
DA:46,19
DA:47,19
DA:48,19
DA:49,2
DA:53,38
DA:54,6
DA:56,6
DA:58,6
DA:59,6
DA:60,6
DA:61,6
DA:62,1
DA:66,38
DA:67,6
DA:69,6
DA:70,6
DA:71,6
DA:72,6
DA:73,2
DA:76,38
DA:77,38
DA:78,32
DA:82,6
DA:83,2
DA:88,4
DA:91,38
LF:46
LH:46
BRDA:22,0,0,2
BRDA:22,0,1,1
BRDA:22,1,0,3
BRDA:22,1,1,1
BRDA:22,1,2,1
BRDA:48,2,0,2
BRDA:48,2,1,17
BRDA:61,3,0,1
BRDA:61,3,1,5
BRDA:72,4,0,2
BRDA:72,4,1,4
BRDA:77,5,0,32
BRDA:77,5,1,6
BRDA:82,6,0,2
BRDA:82,6,1,4
BRDA:102,7,0,1
BRDA:102,7,1,37
BRDA:102,8,0,38
BRDA:102,8,1,32
BRDA:103,9,0,26
BRDA:103,9,1,12
BRDA:103,10,0,38
BRDA:103,10,1,32
BRDA:104,11,0,20
BRDA:104,11,1,18
BRDA:104,12,0,38
BRDA:104,12,1,32
BRDA:113,13,0,38
BRDA:113,13,1,2
BRDA:113,13,2,2
BRF:30
BRH:30
end_of_record
TN:
SF:src/Forms/SearchByColorForm.js
FN:11,SearchByColorForm
FN:16,(anonymous_1)
FN:20,(anonymous_2)
FN:22,(anonymous_3)
FN:23,(anonymous_4)
FN:41,(anonymous_5)
FNF:6
FNH:4
FNDA:2,SearchByColorForm
FNDA:0,(anonymous_1)
FNDA:1,(anonymous_2)
FNDA:1,(anonymous_3)
FNDA:1,(anonymous_4)
FNDA:0,(anonymous_5)
DA:12,2
DA:13,1
DA:14,1
DA:16,1
DA:17,0
DA:20,1
DA:21,1
DA:22,1
DA:23,1
DA:27,1
DA:42,0
LF:11
LH:9
BRDA:41,0,0,1
BRDA:41,0,1,1
BRDA:51,1,0,1
BRDA:51,1,1,0
BRDA:52,2,0,1
BRDA:52,2,1,1
BRF:6
BRH:5
end_of_record
TN:
SF:src/Layout/Header.js
FN:9,(anonymous_0)
FNF:1
FNH:1
FNDA:1,(anonymous_0)
DA:9,1
DA:10,1
LF:2
LH:2
BRF:0
BRH:0
end_of_record
TN:
SF:src/ResultsTable/AllUsersResults.js
FN:11,AllUsersResults
FN:14,(anonymous_1)
FN:16,(anonymous_2)
FN:17,(anonymous_3)
FN:32,(anonymous_4)
FN:40,(anonymous_5)
FN:45,(anonymous_6)
FN:47,(anonymous_7)
FNF:8
FNH:4
FNDA:4,AllUsersResults
FNDA:2,(anonymous_1)
FNDA:2,(anonymous_2)
FNDA:2,(anonymous_3)
FNDA:0,(anonymous_4)
FNDA:0,(anonymous_5)
FNDA:0,(anonymous_6)
FNDA:0,(anonymous_7)
DA:13,4
DA:14,2
DA:15,2
DA:16,2
DA:17,2
DA:20,2
DA:32,0
DA:41,0
DA:46,0
DA:48,0
LF:10
LH:6
BRF:0
BRH:0
end_of_record
TN:
SF:src/ResultsTable/ByColorResults.js
FN:10,ByColorResults
FN:12,(anonymous_1)
FN:14,(anonymous_2)
FN:15,(anonymous_3)
FN:29,(anonymous_4)
FN:37,(anonymous_5)
FNF:6
FNH:4
FNDA:2,ByColorResults
FNDA:1,(anonymous_1)
FNDA:1,(anonymous_2)
FNDA:1,(anonymous_3)
FNDA:0,(anonymous_4)
FNDA:0,(anonymous_5)
DA:11,2
DA:12,1
DA:13,1
DA:14,1
DA:15,1
DA:18,1
DA:29,0
DA:38,0
LF:8
LH:6
BRF:0
BRH:0
end_of_record
